<?xml version="1.0" encoding="UTF-8"?>
<testsuite xmlns:xsi="http://www.w3.org/2001/XMLSchema-instance" xsi:noNamespaceSchemaLocation="https://maven.apache.org/surefire/maven-surefire-plugin/xsd/surefire-test-report.xsd" version="3.0.2" name="com.codec.quantserver.controller.QuantControllerTest" time="4.638" tests="19" errors="0" skipped="0" failures="0" flakes="0">
  <properties>
[...]
</properties>
  <testcase name="cacheSyncForwardsForceCurrent" classname="com.codec.quantserver.controller.QuantControllerTest" time="3.851">
    <system-out><![CDATA[23:36:18.870 [main] INFO org.springframework.mock.web.MockServletContext -- Initializing Spring TestDispatcherServlet ''
23:36:18.876 [main] INFO org.springframework.test.web.servlet.TestDispatcherServlet -- Initializing Servlet ''
23:36:18.885 [main] INFO org.springframework.test.web.servlet.TestDispatcherServlet -- Completed initialization in 8 ms
]]></system-out>
  </testcase>
  <testcase name="dailyPositionCandidatesForwardWithoutCallingRealtimeMinuteEndpoint" classname="com.codec.quantserver.controller.QuantControllerTest" time="0.052">
    <system-out><![CDATA[23:36:19.246 [main] INFO org.springframework.mock.web.MockServletContext -- Initializing Spring TestDispatcherServlet ''
23:36:19.246 [main] INFO org.springframework.test.web.servlet.TestDispatcherServlet -- Initializing Servlet ''
23:36:19.246 [main] INFO org.springframework.test.web.servlet.TestDispatcherServlet -- Completed initialization in 0 ms
]]></system-out>
  </testcase>
  <testcase name="intradayMonitorForwardsToPythonClient" classname="com.codec.quantserver.controller.QuantControllerTest" time="0.02">
    <system-out><![CDATA[23:36:19.293 [main] INFO org.springframework.mock.web.MockServletContext -- Initializing Spring TestDispatcherServlet ''
23:36:19.293 [main] INFO org.springframework.test.web.servlet.TestDispatcherServlet -- Initializing Servlet ''
23:36:19.293 [main] INFO org.springframework.test.web.servlet.TestDispatcherServlet -- Completed initialization in 0 ms
]]></system-out>
  </testcase>
  <testcase name="overnightMonitorForwardsLimitToPythonClient" classname="com.codec.quantserver.controller.QuantControllerTest" time="0.016">
    <system-out><![CDATA[23:36:19.311 [main] INFO org.springframework.mock.web.MockServletContext -- Initializing Spring TestDispatcherServlet ''
23:36:19.311 [main] INFO org.springframework.test.web.servlet.TestDispatcherServlet -- Initializing Servlet ''
23:36:19.311 [main] INFO org.springframework.test.web.servlet.TestDispatcherServlet -- Completed initialization in 0 ms
]]></system-out>
  </testcase>
  <testcase name="freeReviewExportPreservesCsvHeadersAndBytes" classname="com.codec.quantserver.controller.QuantControllerTest" time="0.258">
    <system-out><![CDATA[23:36:19.337 [main] INFO org.springframework.mock.web.MockServletContext -- Initializing Spring TestDispatcherServlet ''
23:36:19.337 [main] INFO org.springframework.test.web.servlet.TestDispatcherServlet -- Initializing Servlet ''
23:36:19.337 [main] INFO org.springframework.test.web.servlet.TestDispatcherServlet -- Completed initialization in 0 ms
]]></system-out>
  </testcase>
  <testcase name="freeReviewGetEndpointsForwardToClient" classname="com.codec.quantserver.controller.QuantControllerTest" time="0.028">
    <system-out><![CDATA[23:36:19.586 [main] INFO org.springframework.mock.web.MockServletContext -- Initializing Spring TestDispatcherServlet ''
23:36:19.587 [main] INFO org.springframework.test.web.servlet.TestDispatcherServlet -- Initializing Servlet ''
23:36:19.587 [main] INFO org.springframework.test.web.servlet.TestDispatcherServlet -- Completed initialization in 0 ms
]]></system-out>
  </testcase>
  <testcase name="getBacktestRunAcceptsQueryParameters" classname="com.codec.quantserver.controller.QuantControllerTest" time="0.193">
    <system-out><![CDATA[23:36:19.638 [main] INFO org.springframework.mock.web.MockServletContext -- Initializing Spring TestDispatcherServlet ''
23:36:19.638 [main] INFO org.springframework.test.web.servlet.TestDispatcherServlet -- Initializing Servlet ''
23:36:19.638 [main] INFO org.springframework.test.web.servlet.TestDispatcherServlet -- Completed initialization in 0 ms
]]></system-out>
  </testcase>
  <testcase name="cycleWatchRoutesForwardToPythonClient" classname="com.codec.quantserver.controller.QuantControllerTest" time="0.041">
    <system-out><![CDATA[23:36:19.805 [main] INFO org.springframework.mock.web.MockServletContext -- Initializing Spring TestDispatcherServlet ''
23:36:19.805 [main] INFO org.springframework.test.web.servlet.TestDispatcherServlet -- Initializing Servlet ''
23:36:19.805 [main] INFO org.springframework.test.web.servlet.TestDispatcherServlet -- Completed initialization in 0 ms
]]></system-out>
  </testcase>
  <testcase name="tradeReviewForwardsRequestBody" classname="com.codec.quantserver.controller.QuantControllerTest" time="0.019">
    <system-out><![CDATA[23:36:19.847 [main] INFO org.springframework.mock.web.MockServletContext -- Initializing Spring TestDispatcherServlet ''
23:36:19.847 [main] INFO org.springframework.test.web.servlet.TestDispatcherServlet -- Initializing Servlet ''
23:36:19.847 [main] INFO org.springframework.test.web.servlet.TestDispatcherServlet -- Completed initialization in 0 ms
]]></system-out>
  </testcase>
  <testcase name="freeReviewBuildForwardsForce" classname="com.codec.quantserver.controller.QuantControllerTest" time="0.01">
    <system-out><![CDATA[23:36:19.866 [main] INFO org.springframework.mock.web.MockServletContext -- Initializing Spring TestDispatcherServlet ''
23:36:19.866 [main] INFO org.springframework.test.web.servlet.TestDispatcherServlet -- Initializing Servlet ''
23:36:19.866 [main] INFO org.springframework.test.web.servlet.TestDispatcherServlet -- Completed initialization in 0 ms
]]></system-out>
  </testcase>
  <testcase name="morningFollowMonitorForwardsLimitToPythonClient" classname="com.codec.quantserver.controller.QuantControllerTest" time="0.01">
    <system-out><![CDATA[23:36:19.877 [main] INFO org.springframework.mock.web.MockServletContext -- Initializing Spring TestDispatcherServlet ''
23:36:19.877 [main] INFO org.springframework.test.web.servlet.TestDispatcherServlet -- Initializing Servlet ''
23:36:19.877 [main] INFO org.springframework.test.web.servlet.TestDispatcherServlet -- Completed initialization in 0 ms
]]></system-out>
  </testcase>
  <testcase name="positionStrategySettingsGetAndPutForwardToPythonClient" classname="com.codec.quantserver.controller.QuantControllerTest" time="0.026">
    <system-out><![CDATA[23:36:19.886 [main] INFO org.springframework.mock.web.MockServletContext -- Initializing Spring TestDispatcherServlet ''
23:36:19.887 [main] INFO org.springframework.test.web.servlet.TestDispatcherServlet -- Initializing Servlet ''
23:36:19.887 [main] INFO org.springframework.test.web.servlet.TestDispatcherServlet -- Completed initialization in 0 ms
]]></system-out>
  </testcase>
  <testcase name="realtimeInfoForwardsLimitAndForceRefreshToPythonClient" classname="com.codec.quantserver.controller.QuantControllerTest" time="0.012">
    <system-out><![CDATA[23:36:19.916 [main] INFO org.springframework.mock.web.MockServletContext -- Initializing Spring TestDispatcherServlet ''
23:36:19.916 [main] INFO org.springframework.test.web.servlet.TestDispatcherServlet -- Initializing Servlet ''
23:36:19.916 [main] INFO org.springframework.test.web.servlet.TestDispatcherServlet -- Completed initialization in 0 ms
]]></system-out>
  </testcase>
  <testcase name="macdSettingsGetAndPutForwardToPythonClient" classname="com.codec.quantserver.controller.QuantControllerTest" time="0.022">
    <system-out><![CDATA[23:36:19.929 [main] INFO org.springframework.mock.web.MockServletContext -- Initializing Spring TestDispatcherServlet ''
23:36:19.930 [main] INFO org.springframework.test.web.servlet.TestDispatcherServlet -- Initializing Servlet ''
23:36:19.930 [main] INFO org.springframework.test.web.servlet.TestDispatcherServlet -- Completed initialization in 0 ms
]]></system-out>
  </testcase>
  <testcase name="marketNewsSummaryForwardsQueryToPythonClient" classname="com.codec.quantserver.controller.QuantControllerTest" time="0.01">
    <system-out><![CDATA[23:36:19.950 [main] INFO org.springframework.mock.web.MockServletContext -- Initializing Spring TestDispatcherServlet ''
23:36:19.950 [main] INFO org.springframework.test.web.servlet.TestDispatcherServlet -- Initializing Servlet ''
23:36:19.951 [main] INFO org.springframework.test.web.servlet.TestDispatcherServlet -- Completed initialization in 1 ms
]]></system-out>
  </testcase>
  <testcase name="realtimeTailPremiumForwardsIndependentRefreshQuery" classname="com.codec.quantserver.controller.QuantControllerTest" time="0.012">
    <system-out><![CDATA[23:36:19.962 [main] INFO org.springframework.mock.web.MockServletContext -- Initializing Spring TestDispatcherServlet ''
23:36:19.962 [main] INFO org.springframework.test.web.servlet.TestDispatcherServlet -- Initializing Servlet ''
23:36:19.963 [main] INFO org.springframework.test.web.servlet.TestDispatcherServlet -- Completed initialization in 1 ms
]]></system-out>
  </testcase>
  <testcase name="trendBoxTargetForwardsStockAndWindowToPythonClient" classname="com.codec.quantserver.controller.QuantControllerTest" time="0.015">
    <system-out><![CDATA[23:36:19.976 [main] INFO org.springframework.mock.web.MockServletContext -- Initializing Spring TestDispatcherServlet ''
23:36:19.976 [main] INFO org.springframework.test.web.servlet.TestDispatcherServlet -- Initializing Servlet ''
23:36:19.976 [main] INFO org.springframework.test.web.servlet.TestDispatcherServlet -- Completed initialization in 0 ms
]]></system-out>
  </testcase>
  <testcase name="sectorRotationTomorrowForwardsParameters" classname="com.codec.quantserver.controller.QuantControllerTest" time="0.01">
    <system-out><![CDATA[23:36:19.989 [main] INFO org.springframework.mock.web.MockServletContext -- Initializing Spring TestDispatcherServlet ''
23:36:19.989 [main] INFO org.springframework.test.web.servlet.TestDispatcherServlet -- Initializing Servlet ''
23:36:19.989 [main] INFO org.springframework.test.web.servlet.TestDispatcherServlet -- Completed initialization in 0 ms
]]></system-out>
  </testcase>
  <testcase name="freeReviewQueryForwardsSnakeCaseRequestBody" classname="com.codec.quantserver.controller.QuantControllerTest" time="0.014">
    <system-out><![CDATA[23:36:20.001 [main] INFO org.springframework.mock.web.MockServletContext -- Initializing Spring TestDispatcherServlet ''
23:36:20.002 [main] INFO org.springframework.test.web.servlet.TestDispatcherServlet -- Initializing Servlet ''
23:36:20.002 [main] INFO org.springframework.test.web.servlet.TestDispatcherServlet -- Completed initialization in 0 ms
]]></system-out>
  </testcase>
</testsuite>